0 info it worked if it ends with ok
1 verbose cli [ '/Users/Luca/.nvm/versions/node/v7.2.0/bin/node',
1 verbose cli   '/Users/Luca/.nvm/versions/node/v7.2.0/bin/npm',
1 verbose cli   'i',
1 verbose cli   'uninstall',
1 verbose cli   'gsap',
1 verbose cli   '--save' ]
2 info using npm@3.10.9
3 info using node@v7.2.0
4 silly loadCurrentTree Starting
5 silly install loadCurrentTree
6 silly install readLocalPackageData
7 silly fetchPackageMetaData uninstall
8 silly fetchPackageMetaData gsap
9 silly fetchNamedPackageData uninstall
10 silly mapToRegistry name uninstall
11 silly mapToRegistry using default registry
12 silly mapToRegistry registry https://registry.npmjs.org/
13 silly mapToRegistry data Result {
13 silly mapToRegistry   raw: 'uninstall',
13 silly mapToRegistry   scope: null,
13 silly mapToRegistry   escapedName: 'uninstall',
13 silly mapToRegistry   name: 'uninstall',
13 silly mapToRegistry   rawSpec: '',
13 silly mapToRegistry   spec: 'latest',
13 silly mapToRegistry   type: 'tag' }
14 silly mapToRegistry uri https://registry.npmjs.org/uninstall
15 silly fetchNamedPackageData gsap
16 silly mapToRegistry name gsap
17 silly mapToRegistry using default registry
18 silly mapToRegistry registry https://registry.npmjs.org/
19 silly mapToRegistry data Result {
19 silly mapToRegistry   raw: 'gsap',
19 silly mapToRegistry   scope: null,
19 silly mapToRegistry   escapedName: 'gsap',
19 silly mapToRegistry   name: 'gsap',
19 silly mapToRegistry   rawSpec: '',
19 silly mapToRegistry   spec: 'latest',
19 silly mapToRegistry   type: 'tag' }
20 silly mapToRegistry uri https://registry.npmjs.org/gsap
21 verbose request uri https://registry.npmjs.org/uninstall
22 verbose request no auth needed
23 info attempt registry request try #1 at 9:39:34 AM
24 verbose request id 0ec4b3e8d9f11c4f
25 http request GET https://registry.npmjs.org/uninstall
26 verbose request uri https://registry.npmjs.org/gsap
27 verbose request no auth needed
28 info attempt registry request try #1 at 9:39:34 AM
29 verbose etag W/"587f0a80-6dcb"
30 verbose lastModified Wed, 18 Jan 2017 06:26:08 GMT
31 http request GET https://registry.npmjs.org/gsap
32 http 304 https://registry.npmjs.org/gsap
33 verbose headers { date: 'Thu, 02 Feb 2017 09:39:35 GMT',
33 verbose headers   via: '1.1 varnish',
33 verbose headers   'cache-control': 'max-age=300',
33 verbose headers   etag: 'W/"587f0a80-6dcb"',
33 verbose headers   age: '0',
33 verbose headers   connection: 'keep-alive',
33 verbose headers   'x-served-by': 'cache-lhr6340-LHR',
33 verbose headers   'x-cache': 'HIT',
33 verbose headers   'x-cache-hits': '1',
33 verbose headers   'x-timer': 'S1486028375.223810,VS0,VE25',
33 verbose headers   vary: 'Accept-Encoding' }
34 silly get cb [ 304,
34 silly get   { date: 'Thu, 02 Feb 2017 09:39:35 GMT',
34 silly get     via: '1.1 varnish',
34 silly get     'cache-control': 'max-age=300',
34 silly get     etag: 'W/"587f0a80-6dcb"',
34 silly get     age: '0',
34 silly get     connection: 'keep-alive',
34 silly get     'x-served-by': 'cache-lhr6340-LHR',
34 silly get     'x-cache': 'HIT',
34 silly get     'x-cache-hits': '1',
34 silly get     'x-timer': 'S1486028375.223810,VS0,VE25',
34 silly get     vary: 'Accept-Encoding' } ]
35 verbose etag https://registry.npmjs.org/gsap from cache
36 verbose get saving gsap to /Users/Luca/.npm/registry.npmjs.org/gsap/.cache.json
37 verbose correctMkdir /Users/Luca/.npm correctMkdir not in flight; initializing
38 http 200 https://registry.npmjs.org/uninstall
39 verbose headers { server: 'nginx/1.10.1',
39 verbose headers   'content-type': 'application/json',
39 verbose headers   'last-modified': 'Thu, 21 Jan 2016 17:18:21 GMT',
39 verbose headers   etag: 'W/"56a112dd-1c3"',
39 verbose headers   'content-encoding': 'gzip',
39 verbose headers   'cache-control': 'max-age=300',
39 verbose headers   'content-length': '264',
39 verbose headers   'accept-ranges': 'bytes',
39 verbose headers   date: 'Thu, 02 Feb 2017 09:39:35 GMT',
39 verbose headers   via: '1.1 varnish',
39 verbose headers   age: '0',
39 verbose headers   connection: 'keep-alive',
39 verbose headers   'x-served-by': 'cache-lhr6347-LHR',
39 verbose headers   'x-cache': 'MISS',
39 verbose headers   'x-cache-hits': '0',
39 verbose headers   'x-timer': 'S1486028375.224110,VS0,VE123',
39 verbose headers   vary: 'Accept-Encoding' }
40 silly get cb [ 200,
40 silly get   { server: 'nginx/1.10.1',
40 silly get     'content-type': 'application/json',
40 silly get     'last-modified': 'Thu, 21 Jan 2016 17:18:21 GMT',
40 silly get     etag: 'W/"56a112dd-1c3"',
40 silly get     'content-encoding': 'gzip',
40 silly get     'cache-control': 'max-age=300',
40 silly get     'content-length': '264',
40 silly get     'accept-ranges': 'bytes',
40 silly get     date: 'Thu, 02 Feb 2017 09:39:35 GMT',
40 silly get     via: '1.1 varnish',
40 silly get     age: '0',
40 silly get     connection: 'keep-alive',
40 silly get     'x-served-by': 'cache-lhr6347-LHR',
40 silly get     'x-cache': 'MISS',
40 silly get     'x-cache-hits': '0',
40 silly get     'x-timer': 'S1486028375.224110,VS0,VE123',
40 silly get     vary: 'Accept-Encoding' } ]
41 verbose get saving uninstall to /Users/Luca/.npm/registry.npmjs.org/uninstall/.cache.json
42 verbose correctMkdir /Users/Luca/.npm correctMkdir not in flight; initializing
43 verbose stack TypeError: Cannot convert undefined or null to object
43 verbose stack     at Function.keys (<anonymous>)
43 verbose stack     at pickVersionFromRegistryDocument (/Users/Luca/.nvm/versions/node/v7.2.0/lib/node_modules/npm/lib/fetch-package-metadata.js:125:29)
43 verbose stack     at /Users/Luca/.nvm/versions/node/v7.2.0/lib/node_modules/npm/node_modules/iferr/index.js:13:50
43 verbose stack     at /Users/Luca/.nvm/versions/node/v7.2.0/lib/node_modules/npm/lib/utils/pulse-till-done.js:20:8
43 verbose stack     at saved (/Users/Luca/.nvm/versions/node/v7.2.0/lib/node_modules/npm/lib/cache/caching-client.js:174:7)
43 verbose stack     at /Users/Luca/.nvm/versions/node/v7.2.0/lib/node_modules/npm/node_modules/graceful-fs/polyfills.js:241:18
43 verbose stack     at FSReqWrap.oncomplete (fs.js:111:15)
44 verbose cwd /Users/Luca/development/WDI_PROJECT_3
45 error Darwin 16.3.0
46 error argv "/Users/Luca/.nvm/versions/node/v7.2.0/bin/node" "/Users/Luca/.nvm/versions/node/v7.2.0/bin/npm" "i" "uninstall" "gsap" "--save"
47 error node v7.2.0
48 error npm  v3.10.9
49 error Cannot convert undefined or null to object
50 error If you need help, you may report this error at:
50 error     <https://github.com/npm/npm/issues>
51 verbose exit [ 1, true ]
